Build started 07/05/2014 11:44:42.
     1>Project "C:\Users\Doni\documents\visual studio 2013\Projects\testlGL\Program16-particle system\Program16-particle system.vcxproj" on node 2 (Build target(s)).
     1>ClCompile:
         C:\Program Files\Microsoft Visual Studio 12.0\VC\bin\CL.exe /c /Zi /nologo /W3 /WX- /sdl /O2 /Oi /Oy- /GL /D WIN32 /D NDEBUG /D _CONSOLE /D _LIB /D _CRT_SECURE_NO_WARNINGS /D _UNICODE /D UNICODE /Gm- /EHsc /MD /GS /Gy /fp:precise /Zc:wchar_t /Zc:forScope /Fo"Release\\" /Fd"Release\vc120.pdb" /Gd /TP /analyze- /errorReport:prompt Bmp.cpp Particle.cpp Program.cpp
         Bmp.cpp
         Particle.cpp
     1>Particle.cpp(9): warning C4244: '=' : conversion from 'double' to 'float', possible loss of data
     1>Particle.cpp(10): warning C4305: '=' : truncation from 'double' to 'float'
     1>Particle.cpp(11): warning C4305: '=' : truncation from 'double' to 'float'
     1>Particle.cpp(12): warning C4305: '=' : truncation from 'double' to 'float'
     1>Particle.cpp(17): warning C4244: '=' : conversion from 'double' to 'float', possible loss of data
     1>Particle.cpp(18): warning C4244: '=' : conversion from 'double' to 'float', possible loss of data
     1>Particle.cpp(19): warning C4244: '=' : conversion from 'double' to 'float', possible loss of data
     1>Particle.cpp(38): warning C4305: '-=' : truncation from 'double' to 'float'
         Program.cpp
     1>Program.cpp(98): warning C4805: '==' : unsafe mix of type 'boolean' and type 'bool' in operation
       Link:
         C:\Program Files\Microsoft Visual Studio 12.0\VC\bin\link.exe /ERRORREPORT:PROMPT /OUT:"C:\Users\Doni\documents\visual studio 2013\Projects\testlGL\Release\Program16-particle system.exe" /INCREMENTAL:NO /NOLOGO kernel32.lib user32.lib gdi32.lib winspool.lib comdlg32.lib advapi32.lib shell32.lib ole32.lib oleaut32.lib uuid.lib odbc32.lib odbccp32.lib /MANIFEST /MANIFESTUAC:"level='asInvoker' uiAccess='false'" /manifest:embed /DEBUG /PDB:"C:\Users\Doni\documents\visual studio 2013\Projects\testlGL\Release\Program16-particle system.pdb" /SUBSYSTEM:CONSOLE /OPT:REF /OPT:ICF /LTCG /TLBID:1 /DYNAMICBASE /NXCOMPAT /IMPLIB:"C:\Users\Doni\documents\visual studio 2013\Projects\testlGL\Release\Program16-particle system.lib" /MACHINE:X86 /SAFESEH:NO Release\Bmp.obj
         Release\Particle.obj
         Release\Program.obj
         Generating code
         Finished generating code
         Program16-particle system.vcxproj -> C:\Users\Doni\documents\visual studio 2013\Projects\testlGL\Release\Program16-particle system.exe
     1>Done Building Project "C:\Users\Doni\documents\visual studio 2013\Projects\testlGL\Program16-particle system\Program16-particle system.vcxproj" (Build target(s)).

Build succeeded.

Time Elapsed 00:00:05.17
